0 info it worked if it ends with ok
1 verbose cli [ '/usr/local/Cellar/node/7.4.0/bin/node',
1 verbose cli   '/Users/rickards/.npm-packages/bin/npm',
1 verbose cli   'run',
1 verbose cli   'deploy' ]
2 info using npm@4.1.1
3 info using node@v7.4.0
4 verbose stack Error: missing script: deploy
4 verbose stack     at run (/Users/rickards/.npm-packages/lib/node_modules/npm/lib/run-script.js:151:19)
4 verbose stack     at /Users/rickards/.npm-packages/lib/node_modules/npm/lib/run-script.js:61:5
4 verbose stack     at /Users/rickards/.npm-packages/lib/node_modules/npm/node_modules/read-package-json/read-json.js:356:5
4 verbose stack     at checkBinReferences_ (/Users/rickards/.npm-packages/lib/node_modules/npm/node_modules/read-package-json/read-json.js:320:45)
4 verbose stack     at final (/Users/rickards/.npm-packages/lib/node_modules/npm/node_modules/read-package-json/read-json.js:354:3)
4 verbose stack     at then (/Users/rickards/.npm-packages/lib/node_modules/npm/node_modules/read-package-json/read-json.js:124:5)
4 verbose stack     at /Users/rickards/.npm-packages/lib/node_modules/npm/node_modules/read-package-json/read-json.js:311:12
4 verbose stack     at /Users/rickards/.npm-packages/lib/node_modules/npm/node_modules/graceful-fs/graceful-fs.js:78:16
4 verbose stack     at tryToString (fs.js:426:3)
4 verbose stack     at FSReqWrap.readFileAfterClose [as oncomplete] (fs.js:413:12)
5 verbose cwd /Users/rickards/UNC_Bootcamp/My_Work/Music-Master
6 error Darwin 15.6.0
7 error argv "/usr/local/Cellar/node/7.4.0/bin/node" "/Users/rickards/.npm-packages/bin/npm" "run" "deploy"
8 error node v7.4.0
9 error npm  v4.1.1
10 error missing script: deploy
11 error If you need help, you may report this error at:
11 error     <https://github.com/npm/npm/issues>
12 verbose exit [ 1, true ]
